mode: set
github.com/Akanibekuly/golang_test_task1.git/internal/repository/city.go:17.52,19.2 1 1
github.com/Akanibekuly/golang_test_task1.git/internal/repository/city.go:21.62,33.16 4 1
github.com/Akanibekuly/golang_test_task1.git/internal/repository/city.go:37.2,39.18 3 1
github.com/Akanibekuly/golang_test_task1.git/internal/repository/city.go:49.2,49.35 1 1
github.com/Akanibekuly/golang_test_task1.git/internal/repository/city.go:53.2,53.17 1 1
github.com/Akanibekuly/golang_test_task1.git/internal/repository/city.go:33.16,36.3 2 1
github.com/Akanibekuly/golang_test_task1.git/internal/repository/city.go:39.18,42.17 3 1
github.com/Akanibekuly/golang_test_task1.git/internal/repository/city.go:46.3,46.24 1 1
github.com/Akanibekuly/golang_test_task1.git/internal/repository/city.go:42.17,45.4 2 1
github.com/Akanibekuly/golang_test_task1.git/internal/repository/city.go:49.35,52.3 2 1
github.com/Akanibekuly/golang_test_task1.git/internal/repository/city.go:56.70,70.16 5 1
github.com/Akanibekuly/golang_test_task1.git/internal/repository/city.go:74.2,74.17 1 1
github.com/Akanibekuly/golang_test_task1.git/internal/repository/city.go:70.16,73.3 2 1
github.com/Akanibekuly/golang_test_task1.git/internal/repository/city.go:77.68,91.16 5 1
github.com/Akanibekuly/golang_test_task1.git/internal/repository/city.go:95.2,95.16 1 1
github.com/Akanibekuly/golang_test_task1.git/internal/repository/city.go:91.16,94.3 2 1
github.com/Akanibekuly/golang_test_task1.git/internal/repository/city.go:98.55,104.16 4 1
github.com/Akanibekuly/golang_test_task1.git/internal/repository/city.go:108.2,108.64 1 1
github.com/Akanibekuly/golang_test_task1.git/internal/repository/city.go:118.2,118.12 1 1
github.com/Akanibekuly/golang_test_task1.git/internal/repository/city.go:104.16,107.3 2 1
github.com/Akanibekuly/golang_test_task1.git/internal/repository/city.go:108.64,109.17 1 1
github.com/Akanibekuly/golang_test_task1.git/internal/repository/city.go:113.3,113.17 1 1
github.com/Akanibekuly/golang_test_task1.git/internal/repository/city.go:109.17,112.4 2 1
github.com/Akanibekuly/golang_test_task1.git/internal/repository/city.go:113.17,116.4 2 1
github.com/Akanibekuly/golang_test_task1.git/internal/repository/city.go:121.74,128.16 4 1
github.com/Akanibekuly/golang_test_task1.git/internal/repository/city.go:132.2,132.64 1 1
github.com/Akanibekuly/golang_test_task1.git/internal/repository/city.go:142.2,142.12 1 1
github.com/Akanibekuly/golang_test_task1.git/internal/repository/city.go:128.16,131.3 2 1
github.com/Akanibekuly/golang_test_task1.git/internal/repository/city.go:132.64,133.17 1 1
github.com/Akanibekuly/golang_test_task1.git/internal/repository/city.go:137.3,137.17 1 1
github.com/Akanibekuly/golang_test_task1.git/internal/repository/city.go:133.17,136.4 2 1
github.com/Akanibekuly/golang_test_task1.git/internal/repository/city.go:137.17,140.4 2 1
github.com/Akanibekuly/golang_test_task1.git/internal/repository/postgres.go:12.57,20.16 2 0
github.com/Akanibekuly/golang_test_task1.git/internal/repository/postgres.go:24.2,25.16 2 0
github.com/Akanibekuly/golang_test_task1.git/internal/repository/postgres.go:30.2,30.16 1 0
github.com/Akanibekuly/golang_test_task1.git/internal/repository/postgres.go:20.16,22.3 1 0
github.com/Akanibekuly/golang_test_task1.git/internal/repository/postgres.go:25.16,28.3 2 0
